<?xml version="1.0" encoding="UTF-8" ?>
<testsuite failures="0" time="0.006" errors="0" skipped="0" tests="5" name="com.tinkerpop.rexster.kibbles.sample.ParametersExtensionTest">
  <properties>
[...]
</properties>
  <testcase time="0.001" classname="com.tinkerpop.rexster.kibbles.sample.ParametersExtensionTest" name="evaluateSomeStringValid"/>
  <testcase time="0" classname="com.tinkerpop.rexster.kibbles.sample.ParametersExtensionTest" name="evaluateSomeIntegerValid"/>
  <testcase time="0" classname="com.tinkerpop.rexster.kibbles.sample.ParametersExtensionTest" name="evaluateSomeListValid"/>
  <testcase time="0" classname="com.tinkerpop.rexster.kibbles.sample.ParametersExtensionTest" name="evaluateSomeListRawValid"/>
  <testcase time="0.001" classname="com.tinkerpop.rexster.kibbles.sample.ParametersExtensionTest" name="evaluateSomeObjectValid"/>
</testsuite>