<?xml version="1.0" encoding="UTF-8" ?>
<testsuite failures="0" time="0.004" errors="0" skipped="0" tests="4" name="com.tinkerpop.rexster.protocol.message.SessionRequestMessageTest">
  <properties>
[...]
</properties>
  <testcase time="0.001" classname="com.tinkerpop.rexster.protocol.message.SessionRequestMessageTest" name="constructEmptyConstructorEnsureFormat"/>
  <testcase time="0" classname="com.tinkerpop.rexster.protocol.message.SessionRequestMessageTest" name="constructCopyRexProMessageWrongType"/>
  <testcase time="0.001" classname="com.tinkerpop.rexster.protocol.message.SessionRequestMessageTest" name="constructCopyRexProMessage"/>
  <testcase time="0" classname="com.tinkerpop.rexster.protocol.message.SessionRequestMessageTest" name="constructAKillRequestWithBodyShouldFail"/>
</testsuite>